<?xml version="1.0" encoding="UTF-8"?>
<!-- Generated by org.testng.reporters.JUnitReportReporter -->
<testsuite hostname="Bikram_laptop" failures="0" tests="3" name="com.AutomationTalks.demoProject1.TestClass1" time="14.247" errors="0" timestamp="2023-11-23T22:36:05 IST" skipped="0">
  <testcase classname="com.AutomationTalks.demoProject1.TestClass1" name="Test2" time="3.616"/>
  <system-out/>
  <testcase classname="com.AutomationTalks.demoProject1.TestClass1" name="Test1" time="6.261"/>
  <system-out/>
  <testcase classname="com.AutomationTalks.demoProject1.TestClass1" name="Test3" time="4.370"/>
  <system-out/>
</testsuite> <!-- com.AutomationTalks.demoProject1.TestClass1 -->
